<?xml version="1.0" encoding="UTF-8"?>

<mule xmlns:http="http://www.mulesoft.org/schema/mule/http" xmlns="http://www.mulesoft.org/schema/mule/core"
	xmlns:doc="http://www.mulesoft.org/schema/mule/documentation"
	xmlns:xsi="http://www.w3.org/2001/XMLSchema-instance" xsi:schemaLocation="http://www.mulesoft.org/schema/mule/core http://www.mulesoft.org/schema/mule/core/current/mule.xsd
http://www.mulesoft.org/schema/mule/http http://www.mulesoft.org/schema/mule/http/current/mule-http.xsd">
	<http:listener-config name="HTTP_Listener_config" doc:name="HTTP Listener config" doc:id="f231cb96-d8ea-4085-8f29-25c6f7a80569" >
		<http:listener-connection host="0.0.0.0" port="8081" />
	</http:listener-config>
	<flow name="test-jenkins-demoFlow" doc:id="6ded569a-a954-4013-8798-6bfaf57c287d" >
		<http:listener doc:name="Listener" doc:id="4e458dd2-4e4f-4b4d-9a91-632ccd2acb1d" config-ref="HTTP_Listener_config" path="/testjenkins"/>
		<set-payload value='"Hello World Jenkins"' doc:name="Set Payload" doc:id="e748407c-c786-4fa1-b3a3-d98c8773c15f" />
	</flow>
</mule>
